e:\code\c++\qt6\qsenior-timer\qcloud-saves\x64\debug\main.obj
e:\code\c++\qt6\qsenior-timer\qcloud-saves\x64\debug\mainwin.obj
e:\code\c++\qt6\qsenior-timer\qcloud-saves\x64\debug\vc143.pdb
e:\code\c++\qt6\qsenior-timer\qcloud-saves\x64\debug\qrc_res.obj
e:\code\c++\qt6\qsenior-timer\qcloud-saves\x64\debug\moc_mainwin.obj
e:\code\c++\qt6\qsenior-timer\x64\debug\qcloud-saves.ilk
e:\code\c++\qt6\qsenior-timer\x64\debug\qcloud-saves.exe
e:\code\c++\qt6\qsenior-timer\x64\debug\qcloud-saves.pdb
e:\code\c++\qt6\qsenior-timer\qcloud-saves\x64\debug\moc\moc_mainwin.cpp
e:\code\c++\qt6\qsenior-timer\qcloud-saves\x64\debug\uic\ui_mainwin.h
e:\code\c++\qt6\qsenior-timer\qcloud-saves\x64\debug\rcc\qrc_mainwin.cpp
e:\code\c++\qt6\qsenior-timer\qcloud-saves\x64\debug\rcc\qrc_res.cpp
e:\code\c++\qt6\qsenior-timer\qcloud-saves\x64\debug\qcloud-saves.res
e:\code\c++\qt6\qsenior-timer\qcloud-saves\x64\debug\qcloud-saves.tlog\cl.13628.write.1.tlog
e:\code\c++\qt6\qsenior-timer\qcloud-saves\x64\debug\qcloud-saves.tlog\cl.command.1.tlog
e:\code\c++\qt6\qsenior-timer\qcloud-saves\x64\debug\qcloud-saves.tlog\cl.items.tlog
e:\code\c++\qt6\qsenior-timer\qcloud-saves\x64\debug\qcloud-saves.tlog\cl.read.1.tlog
e:\code\c++\qt6\qsenior-timer\qcloud-saves\x64\debug\qcloud-saves.tlog\link.command.1.tlog
e:\code\c++\qt6\qsenior-timer\qcloud-saves\x64\debug\qcloud-saves.tlog\link.read.1.tlog
e:\code\c++\qt6\qsenior-timer\qcloud-saves\x64\debug\qcloud-saves.tlog\link.write.1.tlog
e:\code\c++\qt6\qsenior-timer\qcloud-saves\x64\debug\qcloud-saves.tlog\moc.read.1u.tlog
e:\code\c++\qt6\qsenior-timer\qcloud-saves\x64\debug\qcloud-saves.tlog\moc.write.1u.tlog
e:\code\c++\qt6\qsenior-timer\qcloud-saves\x64\debug\qcloud-saves.tlog\qcloud-saves.write.1u.tlog
e:\code\c++\qt6\qsenior-timer\qcloud-saves\x64\debug\qcloud-saves.tlog\rc.command.1.tlog
e:\code\c++\qt6\qsenior-timer\qcloud-saves\x64\debug\qcloud-saves.tlog\rc.read.1.tlog
e:\code\c++\qt6\qsenior-timer\qcloud-saves\x64\debug\qcloud-saves.tlog\rc.write.1.tlog
e:\code\c++\qt6\qsenior-timer\qcloud-saves\x64\debug\qcloud-saves.tlog\rcc.read.1u.tlog
e:\code\c++\qt6\qsenior-timer\qcloud-saves\x64\debug\qcloud-saves.tlog\rcc.write.1u.tlog
e:\code\c++\qt6\qsenior-timer\qcloud-saves\x64\debug\qcloud-saves.tlog\uic.read.1u.tlog
e:\code\c++\qt6\qsenior-timer\qcloud-saves\x64\debug\qcloud-saves.tlog\uic.write.1u.tlog
